<?xml version="1.0" encoding="UTF-8"?>
<testsuite xmlns:xsi="http://www.w3.org/2001/XMLSchema-instance" xsi:noNamespaceSchemaLocation="https://maven.apache.org/surefire/maven-surefire-plugin/xsd/surefire-test-report-3.0.xsd" version="3.0" name="com.library.BookServiceTest" time="1.997" tests="3" errors="0" skipped="0" failures="0">
  <properties>
[...]
</properties>
  <testcase name="testAddBook" classname="com.library.BookServiceTest" time="1.941"/>
  <testcase name="testUpdateBook" classname="com.library.BookServiceTest" time="0.006"/>
  <testcase name="testDeleteBook" classname="com.library.BookServiceTest" time="0.005"/>
</testsuite>